<?xml version="1.0" encoding="UTF-8"?>
<testng-results ignored="0" total="3" passed="3" failed="0" skipped="0">
  <reporter-output>
  </reporter-output>
  <suite started-at="2025-04-17T18:07:31 IST" name="Default suite" finished-at="2025-04-17T18:07:31 IST" duration-ms="106">
    <groups>
    </groups>
    <test started-at="2025-04-17T18:07:31 IST" name="Default test" finished-at="2025-04-17T18:07:31 IST" duration-ms="106">
      <class name="Practice.Demo1">
        <test-method is-config="true" signature="setup()[pri:0, instance:Practice.Demo1@245b4bdc]" started-at="2025-04-17T18:07:31 IST" name="setup" finished-at="2025-04-17T18:07:31 IST" duration-ms="7" status="PASS">
          <reporter-output>
          </reporter-output>
        </test-method> <!-- setup -->
        <test-method signature="admin()[pri:0, instance:Practice.Demo1@245b4bdc]" started-at="2025-04-17T18:07:31 IST" name="admin" finished-at="2025-04-17T18:07:31 IST" duration-ms="8" status="PASS">
          <reporter-output>
          </reporter-output>
        </test-method> <!-- admin -->
        <test-method is-config="true" signature="tearDown()[pri:0, instance:Practice.Demo1@245b4bdc]" started-at="2025-04-17T18:07:31 IST" name="tearDown" finished-at="2025-04-17T18:07:31 IST" duration-ms="4" status="PASS">
          <reporter-output>
          </reporter-output>
        </test-method> <!-- tearDown -->
        <test-method is-config="true" signature="setup()[pri:0, instance:Practice.Demo1@245b4bdc]" started-at="2025-04-17T18:07:31 IST" name="setup" finished-at="2025-04-17T18:07:31 IST" duration-ms="3" status="PASS">
          <reporter-output>
          </reporter-output>
        </test-method> <!-- setup -->
        <test-method signature="home()[pri:0, instance:Practice.Demo1@245b4bdc]" started-at="2025-04-17T18:07:31 IST" name="home" finished-at="2025-04-17T18:07:31 IST" duration-ms="5" status="PASS">
          <reporter-output>
          </reporter-output>
        </test-method> <!-- home -->
        <test-method is-config="true" signature="tearDown()[pri:0, instance:Practice.Demo1@245b4bdc]" started-at="2025-04-17T18:07:31 IST" name="tearDown" finished-at="2025-04-17T18:07:31 IST" duration-ms="0" status="PASS">
          <reporter-output>
          </reporter-output>
        </test-method> <!-- tearDown -->
        <test-method is-config="true" signature="setup()[pri:0, instance:Practice.Demo1@245b4bdc]" started-at="2025-04-17T18:07:31 IST" name="setup" finished-at="2025-04-17T18:07:31 IST" duration-ms="0" status="PASS">
          <reporter-output>
          </reporter-output>
        </test-method> <!-- setup -->
        <test-method signature="login()[pri:0, instance:Practice.Demo1@245b4bdc]" started-at="2025-04-17T18:07:31 IST" name="login" finished-at="2025-04-17T18:07:31 IST" duration-ms="3" status="PASS">
          <reporter-output>
          </reporter-output>
        </test-method> <!-- login -->
        <test-method is-config="true" signature="tearDown()[pri:0, instance:Practice.Demo1@245b4bdc]" started-at="2025-04-17T18:07:31 IST" name="tearDown" finished-at="2025-04-17T18:07:31 IST" duration-ms="0" status="PASS">
          <reporter-output>
          </reporter-output>
        </test-method> <!-- tearDown -->
      </class> <!-- Practice.Demo1 -->
    </test> <!-- Default test -->
  </suite> <!-- Default suite -->
</testng-results>
